<?xml version="1.0" encoding="UTF-8"?>
<!-- Generated by org.testng.reporters.JUnitReportReporter -->
<testsuite hostname="DESKTOP-N8OOENM" failures="0" tests="1" name="com.floweraura.test.ShriramLifeSuperIncomeplanImage_InHomeTest" time="21.694" errors="0" timestamp="2020-06-24T17:37:05 IST" skipped="0">
  <testcase classname="com.floweraura.test.ShriramLifeSuperIncomeplanImage_InHomeTest" name="shriramLifeSuperIncomeplanImage_InHomePage" time="21.694"/>
  <system-out/>
</testsuite> <!-- com.floweraura.test.ShriramLifeSuperIncomeplanImage_InHomeTest -->
