<?xml version="1.0" encoding="UTF-8"?>
<!-- Generated by org.testng.reporters.JUnitReportReporter -->
<testsuite hostname="DESKTOP-N8OOENM" failures="0" tests="1" name="com.amazon.test.AmazonLoginTest" time="32.986" errors="0" timestamp="2020-04-28T20:08:54 IST" skipped="0">
  <testcase classname="com.amazon.test.AmazonLoginTest" name="signUpButtonClick" time="32.986"/>
  <system-out/>
</testsuite> <!-- com.amazon.test.AmazonLoginTest -->
