<?xml version="1.0" encoding="UTF-8"?>
<!-- Generated by org.testng.reporters.JUnitReportReporter -->
<testsuite skipped="0" hostname="DESKTOP-N8OOENM" name="com.floweraura.test.DynamicImagesHeadText" tests="1" failures="0" timestamp="2020-07-29T20:10:56 IST" time="21.118" errors="0">
  <testcase name="allImageHeadText" time="21.118" classname="com.floweraura.test.DynamicImagesHeadText"/>
  <system-out/>
</testsuite> <!-- com.floweraura.test.DynamicImagesHeadText -->
