<?xml version="1.0" encoding="UTF-8"?>
<!-- Generated by org.testng.reporters.JUnitReportReporter -->
<testsuite hostname="DESKTOP-N8OOENM" failures="0" tests="1" name="com.amazon.test.BaseTest" time="20.092" errors="0" timestamp="2020-04-13T13:20:01 IST" skipped="0">
  <testcase classname="com.amazon.test.BaseTest" name="launchBrowser" time="20.092"/>
  <system-out/>
</testsuite> <!-- com.amazon.test.BaseTest -->
