<?xml version="1.0" encoding="UTF-8"?>
<!-- Generated by org.testng.reporters.JUnitReportReporter -->
<testsuite hostname="DESKTOP-N8OOENM" failures="0" tests="1" name="com.floweraura.test.BaseTest" time="79.266" errors="0" timestamp="2020-05-10T11:50:22 IST" skipped="0">
  <testcase classname="com.floweraura.test.BaseTest" name="launchBrowsers" time="79.266"/>
  <system-out/>
</testsuite> <!-- com.floweraura.test.BaseTest -->
