<?xml version="1.0" encoding="UTF-8"?>
<!-- Generated by org.testng.reporters.JUnitReportReporter -->
<testsuite hostname="DESKTOP-N8OOENM" failures="0" tests="1" name="com.floweraura.test.HomeTest" time="373.416" errors="0" timestamp="2020-05-10T16:55:37 IST" skipped="0">
  <testcase classname="com.floweraura.test.HomeTest" name="imageAndLinks" time="373.416"/>
  <system-out/>
</testsuite> <!-- com.floweraura.test.HomeTest -->
